Active-HDL 13.0.375.8320 2024-07-07 16:28:54

Elaboration top modules:
Architecture                  Behavioral(decoder_test)


-----------------------------------------------------------------------------------------------
Entity       | Architecture | Library | Info | Compiler Version          | Compilation Options
-----------------------------------------------------------------------------------------------
decoder_test | Behavioral   | decoder |      | 13.0.375.8320 (Windows64) | -dbg
decoder      | Behavioral   | decoder |      | 13.0.375.8320 (Windows64) | -dbg
-----------------------------------------------------------------------------------------------

-----------------------------------------------------------------------------------------------
VHDL Package                | Library | Info | Compiler Version          | Compilation Options
-----------------------------------------------------------------------------------------------
standard                    | std     |      |                           | <unavailable>
TEXTIO                      | std     |      | 13.0.375.8320 (Windows64) |  -2019
std_logic_1164              | ieee    |      | 13.0.375.8320 (Windows64) |  -2008
NUMERIC_STD                 | ieee    |      | 13.0.375.8320 (Windows64) |  -2008
-----------------------------------------------------------------------------------------------

-----------------------------------------------------------------------------------------------
Library                     | Comment
-----------------------------------------------------------------------------------------------
decoder                     | None
ieee                        | Standard IEEE packages library
std                         | Standard VHDL library
-----------------------------------------------------------------------------------------------
