Active-HDL 13.0.375.8320 2024-07-07 15:52:25

Elaboration top modules:
Architecture                  Behavioral(ram_test)


-------------------------------------------------------------------------------------------
Entity   | Architecture | Library | Info | Compiler Version          | Compilation Options
-------------------------------------------------------------------------------------------
ram_test | Behavioral   | ram     |      | 13.0.375.8320 (Windows64) | -dbg
ram      | Behavioral   | ram     |      | 13.0.375.8320 (Windows64) | -dbg
-------------------------------------------------------------------------------------------

-------------------------------------------------------------------------------------------
VHDL Package            | Library | Info | Compiler Version          | Compilation Options
-------------------------------------------------------------------------------------------
standard                | std     |      |                           | <unavailable>
TEXTIO                  | std     |      | 13.0.375.8320 (Windows64) |  -2019
std_logic_1164          | ieee    |      | 13.0.375.8320 (Windows64) |  -2008
NUMERIC_STD             | ieee    |      | 13.0.375.8320 (Windows64) |  -2008
-------------------------------------------------------------------------------------------

-------------------------------------------------------------------------------------------
Library                 | Comment
-------------------------------------------------------------------------------------------
ieee                    | Standard IEEE packages library
ram                     | None
std                     | Standard VHDL library
-------------------------------------------------------------------------------------------
