# ELBREAD: Elaboration process.
# ELBREAD: Elaboration time 0.0 [s].
asim -O5 +access +r +m+decoder_test decoder_test Behavioral
# ELBREAD: Elaboration process.
# ELBREAD: Elaboration time 0.0 [s].
# VSIM: Stack memory: 32MB
# VSIM: Retval memory: 32MB
acom -dbg -e 100 -work decoder -2002  $dsn/src/decoder.vhd $dsn/src/decoder_test.vhd
# File: E:/dars/CA_Project_401522133/decoder/decoder/src/decoder.vhd
# Compile Entity "decoder"
# Compile Architecture "Behavioral" of Entity "decoder"
# File: E:/dars/CA_Project_401522133/decoder/decoder/src/decoder_test.vhd
# Compile Entity "decoder_test"
# Compile Architecture "Behavioral" of Entity "decoder_test"
# Compile success 0 Errors 0 Warnings  Analysis time :  0.1 [s]
# ELBREAD: Elaboration process.
# ELBREAD: Elaboration time 0.0 [s].
# KERNEL: Main thread initiated.
# KERNEL: Kernel process initialization phase.
# ELAB2: Elaboration final pass...
# ELAB2: Create instances ...
# KERNEL: Time resolution set to 1ps.
# ELAB2: Create instances complete.
# SLP: Started
# SLP: Elaboration phase ...
# SLP: Elaboration phase ... skipped, nothing to simulate in SLP mode : 0.0 [s]
# SLP: Finished : 0.0 [s]
# ELAB2: Elaboration final pass complete - time: 0.0 [s].
# KERNEL: Kernel process initialization done.
# Allocation: Simulator allocated 5592 kB (elbread=427 elab2=5022 kernel=143 sdf=0)
# KERNEL: ASDB file was created in location E:\dars\CA_Project_401522133\decoder\decoder\src\wave.asdb
#  4:28 PM, Sunday, July 7, 2024
#  Simulation has been initialized
run
# EXECUTION:: NOTE   : Test case 1 passed.
# EXECUTION:: Time: 10 ns,  Iteration: 0,  Instance: /decoder_test,  Process: stimulus_process.
# EXECUTION:: NOTE   : Test case 2 passed.
# EXECUTION:: Time: 20 ns,  Iteration: 0,  Instance: /decoder_test,  Process: stimulus_process.
# EXECUTION:: NOTE   : Test case 3 passed.
# EXECUTION:: Time: 30 ns,  Iteration: 0,  Instance: /decoder_test,  Process: stimulus_process.
# EXECUTION:: NOTE   : Test case 4 passed.
# EXECUTION:: Time: 40 ns,  Iteration: 0,  Instance: /decoder_test,  Process: stimulus_process.
# EXECUTION:: NOTE   : Test case 5 passed.
# EXECUTION:: Time: 50 ns,  Iteration: 0,  Instance: /decoder_test,  Process: stimulus_process.
# EXECUTION:: NOTE   : Test case 6 passed.
# EXECUTION:: Time: 60 ns,  Iteration: 0,  Instance: /decoder_test,  Process: stimulus_process.
# EXECUTION:: NOTE   : Test case 7 passed.
# EXECUTION:: Time: 70 ns,  Iteration: 0,  Instance: /decoder_test,  Process: stimulus_process.
# EXECUTION:: NOTE   : Test case 8 passed.
# EXECUTION:: Time: 80 ns,  Iteration: 0,  Instance: /decoder_test,  Process: stimulus_process.
# EXECUTION:: NOTE   : Test case 9 passed.
# EXECUTION:: Time: 90 ns,  Iteration: 0,  Instance: /decoder_test,  Process: stimulus_process.
# EXECUTION:: NOTE   : Test case 10 passed.
# EXECUTION:: Time: 100 ns,  Iteration: 0,  Instance: /decoder_test,  Process: stimulus_process.
# EXECUTION:: NOTE   : Test case 11 passed.
# EXECUTION:: Time: 110 ns,  Iteration: 0,  Instance: /decoder_test,  Process: stimulus_process.
# EXECUTION:: NOTE   : Test case 12 passed.
# EXECUTION:: Time: 120 ns,  Iteration: 0,  Instance: /decoder_test,  Process: stimulus_process.
# EXECUTION:: NOTE   : Test case 13 passed.
# EXECUTION:: Time: 130 ns,  Iteration: 0,  Instance: /decoder_test,  Process: stimulus_process.
# EXECUTION:: NOTE   : Test case 14 passed.
# EXECUTION:: Time: 140 ns,  Iteration: 0,  Instance: /decoder_test,  Process: stimulus_process.
endsim
# KERNEL: stopped at time: 1620043795 ns
# VSIM: Simulation has finished.
