Active-HDL 13.0.375.8320 2024-07-07 16:25:53

Elaboration top modules:
Architecture                  Behavioral(controlunit_test)


-------------------------------------------------------------------------------------------------------
Entity           | Architecture | Library     | Info | Compiler Version          | Compilation Options
-------------------------------------------------------------------------------------------------------
controlunit_test | Behavioral   | controlunit |      | 13.0.375.8320 (Windows64) | -dbg
controlunit      | Behavioral   | controlunit |      | 13.0.375.8320 (Windows64) | -dbg
-------------------------------------------------------------------------------------------------------

-------------------------------------------------------------------------------------------------------
VHDL Package                    | Library     | Info | Compiler Version          | Compilation Options
-------------------------------------------------------------------------------------------------------
standard                        | std         |      |                           | <unavailable>
TEXTIO                          | std         |      | 13.0.375.8320 (Windows64) |  -2019
std_logic_1164                  | ieee        |      | 13.0.375.8320 (Windows64) |  -2008
NUMERIC_STD                     | ieee        |      | 13.0.375.8320 (Windows64) |  -2008
-------------------------------------------------------------------------------------------------------

-------------------------------------------------------------------------------------------------------
Library                         | Comment
-------------------------------------------------------------------------------------------------------
controlunit                     | None
ieee                            | Standard IEEE packages library
std                             | Standard VHDL library
-------------------------------------------------------------------------------------------------------
