# ELBREAD: Elaboration process.
# ELBREAD: Elaboration time 0.0 [s].
asim -O5 +access +r +m+registerfile_test registerfile_test Behavioral
# ELBREAD: Elaboration process.
# ELBREAD: Elaboration time 0.0 [s].
# VSIM: Stack memory: 32MB
# VSIM: Retval memory: 32MB
acom -dbg -e 100 -work registerfile -2002  $dsn/src/registerfile.vhd $dsn/src/registerfile_test.vhd
# File: E:/dars/CA_Project_401522133/registerfile/registerfile/src/registerfile.vhd
# Compile Entity "registerfile"
# Compile Architecture "Behavioral" of Entity "registerfile"
# File: E:/dars/CA_Project_401522133/registerfile/registerfile/src/registerfile_test.vhd
# Compile Entity "registerfile_test"
# Compile Architecture "Behavioral" of Entity "registerfile_test"
# Compile success 0 Errors 0 Warnings  Analysis time :  93.0 [ms]
# ELBREAD: Elaboration process.
# ELBREAD: Elaboration time 0.0 [s].
# KERNEL: Main thread initiated.
# KERNEL: Kernel process initialization phase.
# ELAB2: Elaboration final pass...
# ELAB2: Create instances ...
# KERNEL: Time resolution set to 1ps.
# ELAB2: Create instances complete.
# SLP: Started
# SLP: Elaboration phase ...
# SLP: Elaboration phase ... skipped, nothing to simulate in SLP mode : 0.0 [s]
# SLP: Finished : 0.0 [s]
# ELAB2: Elaboration final pass complete - time: 0.0 [s].
# KERNEL: Kernel process initialization done.
# Allocation: Simulator allocated 5576 kB (elbread=427 elab2=5007 kernel=141 sdf=0)
# KERNEL: ASDB file was created in location E:\dars\CA_Project_401522133\registerfile\registerfile\src\wave.asdb
#  3:58 PM, Sunday, July 7, 2024
#  Simulation has been initialized
run 10 ns
# KERNEL: stopped at time: 10 ns
run 10 ns
# EXECUTION:: NOTE   : Test case 1 passed
# EXECUTION:: Time: 20 ns,  Iteration: 0,  Instance: /registerfile_test,  Process: stimulus_process.
# KERNEL: stopped at time: 20 ns
run 10 ns
# KERNEL: stopped at time: 30 ns
run 10 ns
# EXECUTION:: NOTE   : Test case 2 passed
# EXECUTION:: Time: 40 ns,  Iteration: 0,  Instance: /registerfile_test,  Process: stimulus_process.
# KERNEL: stopped at time: 40 ns
run 10 ns
# KERNEL: stopped at time: 50 ns
run 10 ns
# EXECUTION:: NOTE   : Test case 3 passed
# EXECUTION:: Time: 60 ns,  Iteration: 0,  Instance: /registerfile_test,  Process: stimulus_process.
# KERNEL: stopped at time: 60 ns
run 10 ns
# KERNEL: stopped at time: 70 ns
run
endsim
# KERNEL: stopped at time: 734465895 ns
# VSIM: Simulation has finished.
asim -O5 +access +r +m+registerfile_test registerfile_test Behavioral
# ELBREAD: Elaboration process.
# ELBREAD: Elaboration time 0.0 [s].
# VSIM: Stack memory: 32MB
# VSIM: Retval memory: 32MB
# KERNEL: Main thread initiated.
# KERNEL: Kernel process initialization phase.
# ELAB2: Elaboration final pass...
# ELAB2: Create instances ...
# KERNEL: Time resolution set to 1ps.
# ELAB2: Create instances complete.
# SLP: Started
# SLP: Elaboration phase ...
# SLP: Elaboration phase ... skipped, nothing to simulate in SLP mode : 0.0 [s]
# SLP: Finished : 0.0 [s]
# ELAB2: Elaboration final pass complete - time: 0.0 [s].
# KERNEL: Kernel process initialization done.
# Allocation: Simulator allocated 5576 kB (elbread=427 elab2=5007 kernel=141 sdf=0)
# KERNEL: ASDB file was created in location E:\dars\CA_Project_401522133\registerfile\registerfile\src\wave.asdb
#  4:00 PM, Sunday, July 7, 2024
#  Simulation has been initialized
run 10 ns
# KERNEL: stopped at time: 10 ns
# ELBREAD: Elaboration process.
# ELBREAD: Elaboration time 0.0 [s].
asim -O5 +access +r +m+registerfile registerfile Behavioral
# ELBREAD: Elaboration process.
# ELBREAD: Elaboration time 0.0 [s].
# VSIM: Stack memory: 32MB
# VSIM: Retval memory: 32MB
# KERNEL: Main thread initiated.
# KERNEL: Kernel process initialization phase.
# ELAB2: Elaboration final pass...
# ELAB2: Create instances ...
# KERNEL: Time resolution set to 1ps.
# ELAB2: Create instances complete.
# SLP: Started
# SLP: Elaboration phase ...
# SLP: Elaboration phase ... skipped, nothing to simulate in SLP mode : 0.0 [s]
# SLP: Finished : 0.0 [s]
# ELAB2: Elaboration final pass complete - time: 0.0 [s].
# KERNEL: Kernel process initialization done.
# Allocation: Simulator allocated 5567 kB (elbread=427 elab2=5000 kernel=139 sdf=0)
# KERNEL: ASDB file was created in location E:\dars\CA_Project_401522133\registerfile\registerfile\src\wave.asdb
#  4:00 PM, Sunday, July 7, 2024
#  Simulation has been initialized
run 10 ns
# KERNEL: stopped at time: 10 ns
# KERNEL: Simulation has finished. There are no more test vectors to simulate.
run 10 ns
# KERNEL: stopped at time: 20 ns
# KERNEL: Simulation has finished. There are no more test vectors to simulate.
run 10 ns
# KERNEL: stopped at time: 30 ns
# KERNEL: Simulation has finished. There are no more test vectors to simulate.
run 10 ns
# KERNEL: stopped at time: 40 ns
# KERNEL: Simulation has finished. There are no more test vectors to simulate.
# ELBREAD: Elaboration process.
# ELBREAD: Elaboration time 0.0 [s].
asim -O5 +access +r +m+registerfile_test registerfile_test Behavioral
# ELBREAD: Elaboration process.
# ELBREAD: Elaboration time 0.0 [s].
# VSIM: Stack memory: 32MB
# VSIM: Retval memory: 32MB
# KERNEL: Main thread initiated.
# KERNEL: Kernel process initialization phase.
# ELAB2: Elaboration final pass...
# ELAB2: Create instances ...
# KERNEL: Time resolution set to 1ps.
# ELAB2: Create instances complete.
# SLP: Started
# SLP: Elaboration phase ...
# SLP: Elaboration phase ... skipped, nothing to simulate in SLP mode : 0.0 [s]
# SLP: Finished : 0.0 [s]
# ELAB2: Elaboration final pass complete - time: 0.0 [s].
# KERNEL: Kernel process initialization done.
# Allocation: Simulator allocated 5576 kB (elbread=427 elab2=5007 kernel=141 sdf=0)
# KERNEL: ASDB file was created in location E:\dars\CA_Project_401522133\registerfile\registerfile\src\wave.asdb
#  4:00 PM, Sunday, July 7, 2024
#  Simulation has been initialized
run
# EXECUTION:: NOTE   : Test case 1 passed
# EXECUTION:: Time: 20 ns,  Iteration: 0,  Instance: /registerfile_test,  Process: stimulus_process.
# EXECUTION:: NOTE   : Test case 2 passed
# EXECUTION:: Time: 40 ns,  Iteration: 0,  Instance: /registerfile_test,  Process: stimulus_process.
# EXECUTION:: NOTE   : Test case 3 passed
# EXECUTION:: Time: 60 ns,  Iteration: 0,  Instance: /registerfile_test,  Process: stimulus_process.
endsim
# KERNEL: stopped at time: 1006683560 ns
# VSIM: Simulation has finished.
asim -O5 +access +r +m+registerfile_test registerfile_test Behavioral
# ELBREAD: Elaboration process.
# ELBREAD: Elaboration time 0.0 [s].
# VSIM: Stack memory: 32MB
# VSIM: Retval memory: 32MB
# KERNEL: Main thread initiated.
# KERNEL: Kernel process initialization phase.
# ELAB2: Elaboration final pass...
# ELAB2: Create instances ...
# KERNEL: Time resolution set to 1ps.
# ELAB2: Create instances complete.
# SLP: Started
# SLP: Elaboration phase ...
# SLP: Elaboration phase ... skipped, nothing to simulate in SLP mode : 0.0 [s]
# SLP: Finished : 0.0 [s]
# ELAB2: Elaboration final pass complete - time: 0.0 [s].
# KERNEL: Kernel process initialization done.
# Allocation: Simulator allocated 5576 kB (elbread=427 elab2=5007 kernel=141 sdf=0)
# KERNEL: ASDB file was created in location E:\dars\CA_Project_401522133\registerfile\registerfile\src\wave.asdb
#  4:01 PM, Sunday, July 7, 2024
#  Simulation has been initialized
run 10 ns
# KERNEL: stopped at time: 10 ns
restart
# ELBREAD: Elaboration process.
# ELBREAD: Elaboration time 0.0 [s].
# KERNEL: Main thread initiated.
# KERNEL: Kernel process initialization phase.
# ELAB2: Elaboration final pass...
# ELAB2: Create instances ...
# KERNEL: Time resolution set to 1ps.
# ELAB2: Create instances complete.
# SLP: Started
# SLP: Elaboration phase ...
# SLP: Elaboration phase ... skipped, nothing to simulate in SLP mode : 0.0 [s]
# SLP: Finished : 0.0 [s]
# ELAB2: Elaboration final pass complete - time: 0.0 [s].
# KERNEL: Kernel process initialization done.
# Allocation: Simulator allocated 5576 kB (elbread=427 elab2=5007 kernel=141 sdf=0)
# KERNEL: ASDB file was created in location E:\dars\CA_Project_401522133\registerfile\registerfile\src\wave.asdb
#  4:01 PM, Sunday, July 7, 2024
#  Simulation has been initialized
run 10 ns
# KERNEL: stopped at time: 10 ns
run 10 ns
# EXECUTION:: NOTE   : Test case 1 passed
# EXECUTION:: Time: 20 ns,  Iteration: 0,  Instance: /registerfile_test,  Process: stimulus_process.
# KERNEL: stopped at time: 20 ns
run 10 ns
# KERNEL: stopped at time: 30 ns
run 10 ns
# EXECUTION:: NOTE   : Test case 2 passed
# EXECUTION:: Time: 40 ns,  Iteration: 0,  Instance: /registerfile_test,  Process: stimulus_process.
# KERNEL: stopped at time: 40 ns
run 10 ns
# KERNEL: stopped at time: 50 ns
# VSIM: 3 object(s) traced.
# Waveform file 'untitled.awc' connected to 'E:/dars/CA_Project_401522133/registerfile/registerfile/src/wave.asdb'.
run 10 ns
# EXECUTION:: NOTE   : Test case 3 passed
# EXECUTION:: Time: 60 ns,  Iteration: 0,  Instance: /registerfile_test,  Process: stimulus_process.
# KERNEL: stopped at time: 60 ns
run 10 ns
# KERNEL: stopped at time: 70 ns
run 10 ns
# KERNEL: stopped at time: 80 ns
run 10 ns
# KERNEL: stopped at time: 90 ns
endsim
# VSIM: Simulation has finished.
asim -O5 +access +r +m+registerfile_test registerfile_test Behavioral
# ELBREAD: Elaboration process.
# ELBREAD: Elaboration time 0.0 [s].
# VSIM: Stack memory: 32MB
# VSIM: Retval memory: 32MB
# KERNEL: Main thread initiated.
# KERNEL: Kernel process initialization phase.
# ELAB2: Elaboration final pass...
# ELAB2: Create instances ...
# KERNEL: Time resolution set to 1ps.
# ELAB2: Create instances complete.
# SLP: Started
# SLP: Elaboration phase ...
# SLP: Elaboration phase ... skipped, nothing to simulate in SLP mode : 0.0 [s]
# SLP: Finished : 0.0 [s]
# ELAB2: Elaboration final pass complete - time: 0.0 [s].
# KERNEL: Kernel process initialization done.
# Allocation: Simulator allocated 5576 kB (elbread=427 elab2=5007 kernel=141 sdf=0)
# KERNEL: ASDB file was created in location E:\dars\CA_Project_401522133\registerfile\registerfile\src\wave.asdb
#  4:02 PM, Sunday, July 7, 2024
#  Simulation has been initialized
# Waveform file 'untitled.awc' connected to 'E:/dars/CA_Project_401522133/registerfile/registerfile/src/wave.asdb'.
run 10 ns
# KERNEL: stopped at time: 10 ns
# VSIM: 3 object(s) traced.
run 10 ns
# EXECUTION:: NOTE   : Test case 1 passed
# EXECUTION:: Time: 20 ns,  Iteration: 0,  Instance: /registerfile_test,  Process: stimulus_process.
# KERNEL: stopped at time: 20 ns
run 10 ns
# KERNEL: stopped at time: 30 ns
run 10 ns
# EXECUTION:: NOTE   : Test case 2 passed
# EXECUTION:: Time: 40 ns,  Iteration: 0,  Instance: /registerfile_test,  Process: stimulus_process.
# KERNEL: stopped at time: 40 ns
run 10 ns
# KERNEL: stopped at time: 50 ns
endsim
# VSIM: Simulation has finished.
