Active-HDL 13.0.375.8320 2024-07-07 16:14:15

Elaboration top modules:
Architecture                  Behavioral(tb_alu)


-------------------------------------------------------------------------------------------
Entity   | Architecture | Library | Info | Compiler Version          | Compilation Options
-------------------------------------------------------------------------------------------
tb_alu   | Behavioral   | alud    |      | 13.0.375.8320 (Windows64) | -dbg
alu      | Behavioral   | alud    |      | 13.0.375.8320 (Windows64) | -dbg
-------------------------------------------------------------------------------------------

-------------------------------------------------------------------------------------------
VHDL Package            | Library | Info | Compiler Version          | Compilation Options
-------------------------------------------------------------------------------------------
standard                | std     |      |                           | <unavailable>
TEXTIO                  | std     |      | 13.0.375.8320 (Windows64) |  -2019
std_logic_1164          | ieee    |      | 13.0.375.8320 (Windows64) |  -2008
NUMERIC_STD             | ieee    |      | 13.0.375.8320 (Windows64) |  -2008
-------------------------------------------------------------------------------------------

-------------------------------------------------------------------------------------------
Library                 | Comment
-------------------------------------------------------------------------------------------
alud                    | None
ieee                    | Standard IEEE packages library
std                     | Standard VHDL library
-------------------------------------------------------------------------------------------
