Active-HDL 13.0.375.8320 2024-07-07 15:40:33

Elaboration top modules:
Architecture                  Behavioral(cpu)


-----------------------------------------------------------------------------------------------
Entity       | Architecture | Library | Info | Compiler Version          | Compilation Options
-----------------------------------------------------------------------------------------------
cpu          | Behavioral   | cpu     |      | 13.0.375.8320 (Windows64) | -O3
registerfile | Behavioral   | cpu     |      | 13.0.375.8320 (Windows64) | -O3
decoder      | Behavioral   | cpu     |      | 13.0.375.8320 (Windows64) | -O3
alu          | Behavioral   | cpu     |      | 13.0.375.8320 (Windows64) | -O3
controlunit  | Behavioral   | cpu     |      | 13.0.375.8320 (Windows64) | -O3
pcunit       | Behavioral   | cpu     |      | 13.0.375.8320 (Windows64) | -O3
ram          | Behavioral   | cpu     |      | 13.0.375.8320 (Windows64) | -O3
-----------------------------------------------------------------------------------------------

-----------------------------------------------------------------------------------------------
VHDL Package                | Library | Info | Compiler Version          | Compilation Options
-----------------------------------------------------------------------------------------------
standard                    | std     |      |                           | <unavailable>
TEXTIO                      | std     |      | 13.0.375.8320 (Windows64) |  -2019
std_logic_1164              | ieee    |      | 13.0.375.8320 (Windows64) |  -2008
NUMERIC_STD                 | ieee    |      | 13.0.375.8320 (Windows64) |  -2008
-----------------------------------------------------------------------------------------------

-----------------------------------------------------------------------------------------------
Library                     | Comment
-----------------------------------------------------------------------------------------------
cpu                         | None
ieee                        | Standard IEEE packages library
std                         | Standard VHDL library
-----------------------------------------------------------------------------------------------
